::1 - - [13/Mar/2021:19:49:26 +0000] "GET /api-docs/ HTTP/1.1" 304 - "-" "Mozilla/5.0 (Macintosh; Intel Mac OS X 11_2_2) AppleWebKit/537.36 (KHTML, like Gecko) Chrome/88.0.4324.192 Safari/537.36"
::1 - - [13/Mar/2021:19:49:26 +0000] "GET /api-docs/swagger-ui.css HTTP/1.1" 304 - "http://localhost:4000/api-docs/" "Mozilla/5.0 (Macintosh; Intel Mac OS X 11_2_2) AppleWebKit/537.36 (KHTML, like Gecko) Chrome/88.0.4324.192 Safari/537.36"
::1 - - [13/Mar/2021:19:49:26 +0000] "GET /api-docs/swagger-ui-init.js HTTP/1.1" 304 - "http://localhost:4000/api-docs/" "Mozilla/5.0 (Macintosh; Intel Mac OS X 11_2_2) AppleWebKit/537.36 (KHTML, like Gecko) Chrome/88.0.4324.192 Safari/537.36"
::1 - - [13/Mar/2021:19:49:26 +0000] "GET /api-docs/swagger-ui-bundle.js HTTP/1.1" 304 - "http://localhost:4000/api-docs/" "Mozilla/5.0 (Macintosh; Intel Mac OS X 11_2_2) AppleWebKit/537.36 (KHTML, like Gecko) Chrome/88.0.4324.192 Safari/537.36"
::1 - - [13/Mar/2021:19:49:26 +0000] "GET /api-docs/swagger-ui-standalone-preset.js HTTP/1.1" 304 - "http://localhost:4000/api-docs/" "Mozilla/5.0 (Macintosh; Intel Mac OS X 11_2_2) AppleWebKit/537.36 (KHTML, like Gecko) Chrome/88.0.4324.192 Safari/537.36"
::1 - - [13/Mar/2021:19:49:42 +0000] "GET /api/getPlayers HTTP/1.1" 200 359 "http://localhost:4000/api-docs/" "Mozilla/5.0 (Macintosh; Intel Mac OS X 11_2_2) AppleWebKit/537.36 (KHTML, like Gecko) Chrome/88.0.4324.192 Safari/537.36"
::1 - - [13/Mar/2021:19:50:28 +0000] "GET /api/getPlayer/1 HTTP/1.1" 200 70 "-" "PostmanRuntime/7.26.10"
::1 - - [17/Mar/2021:18:53:57 +0000] "GET /api-docs HTTP/1.1" 301 183 "-" "Mozilla/5.0 (Macintosh; Intel Mac OS X 11_2_2) AppleWebKit/537.36 (KHTML, like Gecko) Chrome/89.0.4389.82 Safari/537.36"
::1 - - [17/Mar/2021:18:53:57 +0000] "GET /api-docs/ HTTP/1.1" 200 3104 "-" "Mozilla/5.0 (Macintosh; Intel Mac OS X 11_2_2) AppleWebKit/537.36 (KHTML, like Gecko) Chrome/89.0.4389.82 Safari/537.36"
::1 - - [17/Mar/2021:18:53:57 +0000] "GET /api-docs/swagger-ui.css HTTP/1.1" 200 143298 "http://localhost:4000/api-docs/" "Mozilla/5.0 (Macintosh; Intel Mac OS X 11_2_2) AppleWebKit/537.36 (KHTML, like Gecko) Chrome/89.0.4389.82 Safari/537.36"
::1 - - [17/Mar/2021:18:53:57 +0000] "GET /api-docs/swagger-ui-init.js HTTP/1.1" 200 12761 "http://localhost:4000/api-docs/" "Mozilla/5.0 (Macintosh; Intel Mac OS X 11_2_2) AppleWebKit/537.36 (KHTML, like Gecko) Chrome/89.0.4389.82 Safari/537.36"
::1 - - [17/Mar/2021:18:53:57 +0000] "GET /api-docs/swagger-ui-standalone-preset.js HTTP/1.1" 200 336188 "http://localhost:4000/api-docs/" "Mozilla/5.0 (Macintosh; Intel Mac OS X 11_2_2) AppleWebKit/537.36 (KHTML, like Gecko) Chrome/89.0.4389.82 Safari/537.36"
::1 - - [17/Mar/2021:18:53:57 +0000] "GET /api-docs/swagger-ui-bundle.js HTTP/1.1" 200 1079393 "http://localhost:4000/api-docs/" "Mozilla/5.0 (Macintosh; Intel Mac OS X 11_2_2) AppleWebKit/537.36 (KHTML, like Gecko) Chrome/89.0.4389.82 Safari/537.36"
::1 - - [17/Mar/2021:18:53:57 +0000] "GET /api-docs/favicon-32x32.png HTTP/1.1" 200 628 "http://localhost:4000/api-docs/" "Mozilla/5.0 (Macintosh; Intel Mac OS X 11_2_2) AppleWebKit/537.36 (KHTML, like Gecko) Chrome/89.0.4389.82 Safari/537.36"
::1 - - [17/Mar/2021:18:54:07 +0000] "GET /api/getPlayers HTTP/1.1" 200 512 "http://localhost:4000/api-docs/" "Mozilla/5.0 (Macintosh; Intel Mac OS X 11_2_2) AppleWebKit/537.36 (KHTML, like Gecko) Chrome/89.0.4389.82 Safari/537.36"
::1 - - [17/Mar/2021:18:54:37 +0000] "GET /api/getPlayer/1 HTTP/1.1" 200 512 "http://localhost:4000/api-docs/" "Mozilla/5.0 (Macintosh; Intel Mac OS X 11_2_2) AppleWebKit/537.36 (KHTML, like Gecko) Chrome/89.0.4389.82 Safari/537.36"
::1 - - [17/Mar/2021:18:55:09 +0000] "GET /api/getPlayer/1 HTTP/1.1" 200 104 "http://localhost:4000/api-docs/" "Mozilla/5.0 (Macintosh; Intel Mac OS X 11_2_2) AppleWebKit/537.36 (KHTML, like Gecko) Chrome/89.0.4389.82 Safari/537.36"
::1 - - [17/Mar/2021:18:55:25 +0000] "GET /api/getAvatars HTTP/1.1" 404 153 "http://localhost:4000/api-docs/" "Mozilla/5.0 (Macintosh; Intel Mac OS X 11_2_2) AppleWebKit/537.36 (KHTML, like Gecko) Chrome/89.0.4389.82 Safari/537.36"
::1 - - [17/Mar/2021:18:56:19 +0000] "GET /api/getAvatars HTTP/1.1" 200 319 "http://localhost:4000/api-docs/" "Mozilla/5.0 (Macintosh; Intel Mac OS X 11_2_2) AppleWebKit/537.36 (KHTML, like Gecko) Chrome/89.0.4389.82 Safari/537.36"
::1 - - [17/Mar/2021:18:56:30 +0000] "GET /api/getAvatar/1 HTTP/1.1" 200 63 "http://localhost:4000/api-docs/" "Mozilla/5.0 (Macintosh; Intel Mac OS X 11_2_2) AppleWebKit/537.36 (KHTML, like Gecko) Chrome/89.0.4389.82 Safari/537.36"
::1 - - [17/Mar/2021:18:57:00 +0000] "POST /api/addAvatar HTTP/1.1" 500 124 "http://localhost:4000/api-docs/" "Mozilla/5.0 (Macintosh; Intel Mac OS X 11_2_2) AppleWebKit/537.36 (KHTML, like Gecko) Chrome/89.0.4389.82 Safari/537.36"
::1 - - [17/Mar/2021:18:58:54 +0000] "POST /api/addAvatar HTTP/1.1" 200 48 "http://localhost:4000/api-docs/" "Mozilla/5.0 (Macintosh; Intel Mac OS X 11_2_2) AppleWebKit/537.36 (KHTML, like Gecko) Chrome/89.0.4389.82 Safari/537.36"
::1 - - [17/Mar/2021:18:59:51 +0000] "PUT /api/updateAvatar/1 HTTP/1.1" 200 48 "http://localhost:4000/api-docs/" "Mozilla/5.0 (Macintosh; Intel Mac OS X 11_2_2) AppleWebKit/537.36 (KHTML, like Gecko) Chrome/89.0.4389.82 Safari/537.36"
::1 - - [17/Mar/2021:19:00:16 +0000] "PUT /api/updateAvatar/6 HTTP/1.1" 200 48 "http://localhost:4000/api-docs/" "Mozilla/5.0 (Macintosh; Intel Mac OS X 11_2_2) AppleWebKit/537.36 (KHTML, like Gecko) Chrome/89.0.4389.82 Safari/537.36"
::1 - - [17/Mar/2021:19:02:39 +0000] "PUT /api/updateAvatar/6 HTTP/1.1" 200 48 "http://localhost:4000/api-docs/" "Mozilla/5.0 (Macintosh; Intel Mac OS X 11_2_2) AppleWebKit/537.36 (KHTML, like Gecko) Chrome/89.0.4389.82 Safari/537.36"
::1 - - [17/Mar/2021:19:02:58 +0000] "DELETE /api/deleteAvatar/6 HTTP/1.1" 200 48 "http://localhost:4000/api-docs/" "Mozilla/5.0 (Macintosh; Intel Mac OS X 11_2_2) AppleWebKit/537.36 (KHTML, like Gecko) Chrome/89.0.4389.82 Safari/537.36"
::1 - - [17/Mar/2021:20:14:17 +0000] "GET / HTTP/1.1" 404 139 "-" "Mozilla/5.0 (Macintosh; Intel Mac OS X 11_2_2) AppleWebKit/537.36 (KHTML, like Gecko) Chrome/89.0.4389.82 Safari/537.36"
::1 - - [17/Mar/2021:20:14:23 +0000] "GET /api-docs/ HTTP/1.1" 304 - "-" "Mozilla/5.0 (Macintosh; Intel Mac OS X 11_2_2) AppleWebKit/537.36 (KHTML, like Gecko) Chrome/89.0.4389.82 Safari/537.36"
::1 - - [17/Mar/2021:20:14:23 +0000] "GET /api-docs/swagger-ui.css HTTP/1.1" 304 - "http://localhost:4000/api-docs/" "Mozilla/5.0 (Macintosh; Intel Mac OS X 11_2_2) AppleWebKit/537.36 (KHTML, like Gecko) Chrome/89.0.4389.82 Safari/537.36"
::1 - - [17/Mar/2021:20:14:23 +0000] "GET /api-docs/swagger-ui-bundle.js HTTP/1.1" 304 - "http://localhost:4000/api-docs/" "Mozilla/5.0 (Macintosh; Intel Mac OS X 11_2_2) AppleWebKit/537.36 (KHTML, like Gecko) Chrome/89.0.4389.82 Safari/537.36"
::1 - - [17/Mar/2021:20:14:23 +0000] "GET /api-docs/swagger-ui-init.js HTTP/1.1" 304 - "http://localhost:4000/api-docs/" "Mozilla/5.0 (Macintosh; Intel Mac OS X 11_2_2) AppleWebKit/537.36 (KHTML, like Gecko) Chrome/89.0.4389.82 Safari/537.36"
::1 - - [17/Mar/2021:20:14:23 +0000] "GET /api-docs/swagger-ui-standalone-preset.js HTTP/1.1" 304 - "http://localhost:4000/api-docs/" "Mozilla/5.0 (Macintosh; Intel Mac OS X 11_2_2) AppleWebKit/537.36 (KHTML, like Gecko) Chrome/89.0.4389.82 Safari/537.36"
::1 - - [17/Mar/2021:20:14:30 +0000] "GET /api/getPlayers HTTP/1.1" 304 - "http://localhost:4000/api-docs/" "Mozilla/5.0 (Macintosh; Intel Mac OS X 11_2_2) AppleWebKit/537.36 (KHTML, like Gecko) Chrome/89.0.4389.82 Safari/537.36"
::1 - - [17/Mar/2021:20:14:37 +0000] "GET /api/getAvatars HTTP/1.1" 304 - "http://localhost:4000/api-docs/" "Mozilla/5.0 (Macintosh; Intel Mac OS X 11_2_2) AppleWebKit/537.36 (KHTML, like Gecko) Chrome/89.0.4389.82 Safari/537.36"
::1 - - [17/Mar/2021:23:43:35 +0000] "GET / HTTP/1.1" 200 3104 "-" "Mozilla/5.0 (Macintosh; Intel Mac OS X 11_2_2) AppleWebKit/537.36 (KHTML, like Gecko) Chrome/89.0.4389.82 Safari/537.36"
::1 - - [17/Mar/2021:23:43:35 +0000] "GET /swagger-ui-init.js HTTP/1.1" 200 12761 "http://localhost:4000/" "Mozilla/5.0 (Macintosh; Intel Mac OS X 11_2_2) AppleWebKit/537.36 (KHTML, like Gecko) Chrome/89.0.4389.82 Safari/537.36"
::1 - - [17/Mar/2021:23:43:35 +0000] "GET /swagger-ui.css HTTP/1.1" 200 143298 "http://localhost:4000/" "Mozilla/5.0 (Macintosh; Intel Mac OS X 11_2_2) AppleWebKit/537.36 (KHTML, like Gecko) Chrome/89.0.4389.82 Safari/537.36"
::1 - - [17/Mar/2021:23:43:35 +0000] "GET /swagger-ui-standalone-preset.js HTTP/1.1" 200 336188 "http://localhost:4000/" "Mozilla/5.0 (Macintosh; Intel Mac OS X 11_2_2) AppleWebKit/537.36 (KHTML, like Gecko) Chrome/89.0.4389.82 Safari/537.36"
::1 - - [17/Mar/2021:23:43:35 +0000] "GET /swagger-ui-bundle.js HTTP/1.1" 200 1079393 "http://localhost:4000/" "Mozilla/5.0 (Macintosh; Intel Mac OS X 11_2_2) AppleWebKit/537.36 (KHTML, like Gecko) Chrome/89.0.4389.82 Safari/537.36"
::1 - - [17/Mar/2021:23:43:35 +0000] "GET /favicon-32x32.png HTTP/1.1" 200 628 "http://localhost:4000/" "Mozilla/5.0 (Macintosh; Intel Mac OS X 11_2_2) AppleWebKit/537.36 (KHTML, like Gecko) Chrome/89.0.4389.82 Safari/537.36"
::1 - - [18/Mar/2021:00:04:58 +0000] "GET / HTTP/1.1" 200 3104 "-" "Mozilla/5.0 (Macintosh; Intel Mac OS X 11_2_2) AppleWebKit/537.36 (KHTML, like Gecko) Chrome/89.0.4389.82 Safari/537.36"
::1 - - [18/Mar/2021:00:04:58 +0000] "GET /swagger-ui-init.js HTTP/1.1" 200 12761 "http://localhost:1337/" "Mozilla/5.0 (Macintosh; Intel Mac OS X 11_2_2) AppleWebKit/537.36 (KHTML, like Gecko) Chrome/89.0.4389.82 Safari/537.36"
::1 - - [18/Mar/2021:00:04:58 +0000] "GET /swagger-ui.css HTTP/1.1" 200 143298 "http://localhost:1337/" "Mozilla/5.0 (Macintosh; Intel Mac OS X 11_2_2) AppleWebKit/537.36 (KHTML, like Gecko) Chrome/89.0.4389.82 Safari/537.36"
::1 - - [18/Mar/2021:00:04:58 +0000] "GET /swagger-ui-standalone-preset.js HTTP/1.1" 200 336188 "http://localhost:1337/" "Mozilla/5.0 (Macintosh; Intel Mac OS X 11_2_2) AppleWebKit/537.36 (KHTML, like Gecko) Chrome/89.0.4389.82 Safari/537.36"
::1 - - [18/Mar/2021:00:04:58 +0000] "GET /swagger-ui-bundle.js HTTP/1.1" 200 1079393 "http://localhost:1337/" "Mozilla/5.0 (Macintosh; Intel Mac OS X 11_2_2) AppleWebKit/537.36 (KHTML, like Gecko) Chrome/89.0.4389.82 Safari/537.36"
::1 - - [18/Mar/2021:00:04:58 +0000] "GET /favicon-32x32.png HTTP/1.1" 200 628 "http://localhost:1337/" "Mozilla/5.0 (Macintosh; Intel Mac OS X 11_2_2) AppleWebKit/537.36 (KHTML, like Gecko) Chrome/89.0.4389.82 Safari/537.36"
::1 - - [18/Mar/2021:00:07:43 +0000] "GET / HTTP/1.1" 304 - "-" "Mozilla/5.0 (Macintosh; Intel Mac OS X 11_2_2) AppleWebKit/537.36 (KHTML, like Gecko) Chrome/89.0.4389.82 Safari/537.36"
::1 - - [18/Mar/2021:00:07:43 +0000] "GET /swagger-ui.css HTTP/1.1" 304 - "http://localhost:1337/" "Mozilla/5.0 (Macintosh; Intel Mac OS X 11_2_2) AppleWebKit/537.36 (KHTML, like Gecko) Chrome/89.0.4389.82 Safari/537.36"
::1 - - [18/Mar/2021:00:07:43 +0000] "GET /swagger-ui-bundle.js HTTP/1.1" 304 - "http://localhost:1337/" "Mozilla/5.0 (Macintosh; Intel Mac OS X 11_2_2) AppleWebKit/537.36 (KHTML, like Gecko) Chrome/89.0.4389.82 Safari/537.36"
::1 - - [18/Mar/2021:00:07:43 +0000] "GET /swagger-ui-init.js HTTP/1.1" 304 - "http://localhost:1337/" "Mozilla/5.0 (Macintosh; Intel Mac OS X 11_2_2) AppleWebKit/537.36 (KHTML, like Gecko) Chrome/89.0.4389.82 Safari/537.36"
::1 - - [18/Mar/2021:00:07:43 +0000] "GET /swagger-ui-standalone-preset.js HTTP/1.1" 304 - "http://localhost:1337/" "Mozilla/5.0 (Macintosh; Intel Mac OS X 11_2_2) AppleWebKit/537.36 (KHTML, like Gecko) Chrome/89.0.4389.82 Safari/537.36"
::1 - - [18/Mar/2021:00:14:51 +0000] "GET / HTTP/1.1" 304 - "-" "Mozilla/5.0 (Macintosh; Intel Mac OS X 11_2_2) AppleWebKit/537.36 (KHTML, like Gecko) Chrome/89.0.4389.82 Safari/537.36"
::1 - - [18/Mar/2021:00:14:51 +0000] "GET /swagger-ui.css HTTP/1.1" 304 - "http://localhost:1337/" "Mozilla/5.0 (Macintosh; Intel Mac OS X 11_2_2) AppleWebKit/537.36 (KHTML, like Gecko) Chrome/89.0.4389.82 Safari/537.36"
::1 - - [18/Mar/2021:00:14:51 +0000] "GET /swagger-ui-bundle.js HTTP/1.1" 304 - "http://localhost:1337/" "Mozilla/5.0 (Macintosh; Intel Mac OS X 11_2_2) AppleWebKit/537.36 (KHTML, like Gecko) Chrome/89.0.4389.82 Safari/537.36"
::1 - - [18/Mar/2021:00:14:51 +0000] "GET /swagger-ui-standalone-preset.js HTTP/1.1" 304 - "http://localhost:1337/" "Mozilla/5.0 (Macintosh; Intel Mac OS X 11_2_2) AppleWebKit/537.36 (KHTML, like Gecko) Chrome/89.0.4389.82 Safari/537.36"
::1 - - [18/Mar/2021:00:14:51 +0000] "GET /swagger-ui-init.js HTTP/1.1" 304 - "http://localhost:1337/" "Mozilla/5.0 (Macintosh; Intel Mac OS X 11_2_2) AppleWebKit/537.36 (KHTML, like Gecko) Chrome/89.0.4389.82 Safari/537.36"
::1 - - [18/Mar/2021:00:14:51 +0000] "GET /favicon-32x32.png HTTP/1.1" 200 628 "http://localhost:1337/" "Mozilla/5.0 (Macintosh; Intel Mac OS X 11_2_2) AppleWebKit/537.36 (KHTML, like Gecko) Chrome/89.0.4389.82 Safari/537.36"
::1 - - [18/Mar/2021:00:16:17 +0000] "GET / HTTP/1.1" 200 3104 "-" "Mozilla/5.0 (Macintosh; Intel Mac OS X 11_2_2) AppleWebKit/537.36 (KHTML, like Gecko) Chrome/89.0.4389.82 Safari/537.36"
::1 - - [18/Mar/2021:00:16:17 +0000] "GET /swagger-ui.css HTTP/1.1" 200 143298 "http://localhost:3100/" "Mozilla/5.0 (Macintosh; Intel Mac OS X 11_2_2) AppleWebKit/537.36 (KHTML, like Gecko) Chrome/89.0.4389.82 Safari/537.36"
::1 - - [18/Mar/2021:00:16:17 +0000] "GET /swagger-ui-init.js HTTP/1.1" 200 12761 "http://localhost:3100/" "Mozilla/5.0 (Macintosh; Intel Mac OS X 11_2_2) AppleWebKit/537.36 (KHTML, like Gecko) Chrome/89.0.4389.82 Safari/537.36"
::1 - - [18/Mar/2021:00:16:17 +0000] "GET /swagger-ui-standalone-preset.js HTTP/1.1" 200 336188 "http://localhost:3100/" "Mozilla/5.0 (Macintosh; Intel Mac OS X 11_2_2) AppleWebKit/537.36 (KHTML, like Gecko) Chrome/89.0.4389.82 Safari/537.36"
::1 - - [18/Mar/2021:00:16:17 +0000] "GET /swagger-ui-bundle.js HTTP/1.1" 200 1079393 "http://localhost:3100/" "Mozilla/5.0 (Macintosh; Intel Mac OS X 11_2_2) AppleWebKit/537.36 (KHTML, like Gecko) Chrome/89.0.4389.82 Safari/537.36"
::1 - - [18/Mar/2021:00:16:17 +0000] "GET /favicon-32x32.png HTTP/1.1" 200 628 "http://localhost:3100/" "Mozilla/5.0 (Macintosh; Intel Mac OS X 11_2_2) AppleWebKit/537.36 (KHTML, like Gecko) Chrome/89.0.4389.82 Safari/537.36"
::1 - - [18/Mar/2021:00:16:57 +0000] "GET / HTTP/1.1" 304 - "-" "Mozilla/5.0 (Macintosh; Intel Mac OS X 11_2_2) AppleWebKit/537.36 (KHTML, like Gecko) Chrome/89.0.4389.82 Safari/537.36"
::1 - - [18/Mar/2021:00:16:57 +0000] "GET /swagger-ui.css HTTP/1.1" 304 - "http://localhost:4000/" "Mozilla/5.0 (Macintosh; Intel Mac OS X 11_2_2) AppleWebKit/537.36 (KHTML, like Gecko) Chrome/89.0.4389.82 Safari/537.36"
::1 - - [18/Mar/2021:00:16:57 +0000] "GET /swagger-ui-bundle.js HTTP/1.1" 304 - "http://localhost:4000/" "Mozilla/5.0 (Macintosh; Intel Mac OS X 11_2_2) AppleWebKit/537.36 (KHTML, like Gecko) Chrome/89.0.4389.82 Safari/537.36"
::1 - - [18/Mar/2021:00:16:57 +0000] "GET /swagger-ui-init.js HTTP/1.1" 304 - "http://localhost:4000/" "Mozilla/5.0 (Macintosh; Intel Mac OS X 11_2_2) AppleWebKit/537.36 (KHTML, like Gecko) Chrome/89.0.4389.82 Safari/537.36"
::1 - - [18/Mar/2021:00:16:57 +0000] "GET /swagger-ui-standalone-preset.js HTTP/1.1" 304 - "http://localhost:4000/" "Mozilla/5.0 (Macintosh; Intel Mac OS X 11_2_2) AppleWebKit/537.36 (KHTML, like Gecko) Chrome/89.0.4389.82 Safari/537.36"
::1 - - [18/Mar/2021:00:17:01 +0000] "GET /api/getPlayers HTTP/1.1" 200 3104 "http://localhost:4000/" "Mozilla/5.0 (Macintosh; Intel Mac OS X 11_2_2) AppleWebKit/537.36 (KHTML, like Gecko) Chrome/89.0.4389.82 Safari/537.36"
::1 - - [18/Mar/2021:00:17:12 +0000] "GET /api/getPlayers HTTP/1.1" 304 - "http://localhost:4000/" "Mozilla/5.0 (Macintosh; Intel Mac OS X 11_2_2) AppleWebKit/537.36 (KHTML, like Gecko) Chrome/89.0.4389.82 Safari/537.36"
::1 - - [18/Mar/2021:00:17:31 +0000] "GET /api/getPlayer/1 HTTP/1.1" 200 3104 "http://localhost:4000/" "Mozilla/5.0 (Macintosh; Intel Mac OS X 11_2_2) AppleWebKit/537.36 (KHTML, like Gecko) Chrome/89.0.4389.82 Safari/537.36"
::1 - - [18/Mar/2021:00:17:59 +0000] "GET / HTTP/1.1" 404 139 "-" "Mozilla/5.0 (Macintosh; Intel Mac OS X 11_2_2) AppleWebKit/537.36 (KHTML, like Gecko) Chrome/89.0.4389.82 Safari/537.36"
::1 - - [18/Mar/2021:00:18:06 +0000] "GET /api-docs/ HTTP/1.1" 304 - "-" "Mozilla/5.0 (Macintosh; Intel Mac OS X 11_2_2) AppleWebKit/537.36 (KHTML, like Gecko) Chrome/89.0.4389.82 Safari/537.36"
::1 - - [18/Mar/2021:00:18:06 +0000] "GET /api-docs/swagger-ui.css HTTP/1.1" 304 - "http://localhost:4000/api-docs/" "Mozilla/5.0 (Macintosh; Intel Mac OS X 11_2_2) AppleWebKit/537.36 (KHTML, like Gecko) Chrome/89.0.4389.82 Safari/537.36"
::1 - - [18/Mar/2021:00:18:06 +0000] "GET /api-docs/swagger-ui-bundle.js HTTP/1.1" 304 - "http://localhost:4000/api-docs/" "Mozilla/5.0 (Macintosh; Intel Mac OS X 11_2_2) AppleWebKit/537.36 (KHTML, like Gecko) Chrome/89.0.4389.82 Safari/537.36"
::1 - - [18/Mar/2021:00:18:06 +0000] "GET /api-docs/swagger-ui-init.js HTTP/1.1" 304 - "http://localhost:4000/api-docs/" "Mozilla/5.0 (Macintosh; Intel Mac OS X 11_2_2) AppleWebKit/537.36 (KHTML, like Gecko) Chrome/89.0.4389.82 Safari/537.36"
::1 - - [18/Mar/2021:00:18:06 +0000] "GET /api-docs/swagger-ui-standalone-preset.js HTTP/1.1" 304 - "http://localhost:4000/api-docs/" "Mozilla/5.0 (Macintosh; Intel Mac OS X 11_2_2) AppleWebKit/537.36 (KHTML, like Gecko) Chrome/89.0.4389.82 Safari/537.36"
::1 - - [18/Mar/2021:00:18:12 +0000] "GET /api/getPlayers HTTP/1.1" 200 512 "http://localhost:4000/api-docs/" "Mozilla/5.0 (Macintosh; Intel Mac OS X 11_2_2) AppleWebKit/537.36 (KHTML, like Gecko) Chrome/89.0.4389.82 Safari/537.36"
::1 - - [31/May/2023:02:49:52 +0000] "GET / HTTP/1.1" 404 139 "-" "Mozilla/5.0 (Windows NT 10.0; Win64; x64) AppleWebKit/537.36 (KHTML, like Gecko) Chrome/112.0.0.0 Safari/537.36 OPR/98.0.0.0"
::1 - - [31/May/2023:02:51:22 +0000] "GET / HTTP/1.1" 200 13 "-" "Mozilla/5.0 (Windows NT 10.0; Win64; x64) AppleWebKit/537.36 (KHTML, like Gecko) Chrome/112.0.0.0 Safari/537.36 OPR/98.0.0.0"
::1 - - [31/May/2023:02:51:22 +0000] "GET /favicon.ico HTTP/1.1" 404 150 "http://localhost:4000/" "Mozilla/5.0 (Windows NT 10.0; Win64; x64) AppleWebKit/537.36 (KHTML, like Gecko) Chrome/112.0.0.0 Safari/537.36 OPR/98.0.0.0"
::1 - - [31/May/2023:02:51:39 +0000] "GET /api/getPacientes HTTP/1.1" 200 140 "-" "Mozilla/5.0 (Windows NT 10.0; Win64; x64) AppleWebKit/537.36 (KHTML, like Gecko) Chrome/112.0.0.0 Safari/537.36 OPR/98.0.0.0"
::1 - - [31/May/2023:02:53:56 +0000] "GET /api/getPacientes HTTP/1.1" 200 140 "-" "PostmanRuntime/7.32.2"
